<?xml version="1.0" encoding="UTF-8"?>
<testng-results skipped="0" failed="0" total="1" passed="1">
  <reporter-output>
  </reporter-output>
  <suite name="Command line suite" duration-ms="36" started-at="2018-03-25T14:35:30Z" finished-at="2018-03-25T14:35:30Z">
    <groups>
    </groups>
    <test name="Command line test" duration-ms="36" started-at="2018-03-25T14:35:30Z" finished-at="2018-03-25T14:35:30Z">
      <class name="zoho.CRMAutomationFramework.AppTest">
        <test-method status="PASS" signature="testApp()[pri:0, instance:testApp(zoho.CRMAutomationFramework.AppTest)]" name="testApp" duration-ms="2" started-at="2018-03-25T20:05:30Z" finished-at="2018-03-25T20:05:30Z">
          <reporter-output>
          </reporter-output>
        </test-method> <!-- testApp -->
      </class> <!-- zoho.CRMAutomationFramework.AppTest -->
    </test> <!-- Command line test -->
  </suite> <!-- Command line suite -->
</testng-results>
